Loading required package: smacof
Loading required package: plotrix
Loading required package: colorspace
Loading required package: e1071
Registered S3 methods overwritten by 'tools':
  method                    from     
  as.character.Rconcordance backports
  print.Rconcordance        backports

Attaching package: ‘smacof’

The following object is masked from ‘package:base’:

    transform


Attaching package: ‘smacofx’

The following object is masked from ‘package:stats’:

    cmdscale

Warning message:
In check_dep_version() : ABI version mismatch: 
lme4 was built with Matrix ABI version 0
Current Matrix ABI version is 1
Please re-install lme4 from source or restore original ‘Matrix’ package
Package 'mclust' version 6.1.1
Type 'citation("mclust")' for citing this R package in publications.
2025-05-25 00:27:18.273080: I tensorflow/core/util/port.cc:153] oneDNN custom operations are on. You may see slightly different numerical results due to floating-point round-off errors from different computation orders. To turn them off, set the environment variable `TF_ENABLE_ONEDNN_OPTS=0`.
2025-05-25 00:27:19.971387: E external/local_xla/xla/stream_executor/cuda/cuda_fft.cc:485] Unable to register cuFFT factory: Attempting to register factory for plugin cuFFT when one has already been registered
2025-05-25 00:27:21.221023: E external/local_xla/xla/stream_executor/cuda/cuda_dnn.cc:8454] Unable to register cuDNN factory: Attempting to register factory for plugin cuDNN when one has already been registered
2025-05-25 00:27:21.419159: E external/local_xla/xla/stream_executor/cuda/cuda_blas.cc:1452] Unable to register cuBLAS factory: Attempting to register factory for plugin cuBLAS when one has already been registered
2025-05-25 00:27:22.451391: I tensorflow/core/platform/cpu_feature_guard.cc:210] This TensorFlow binary is optimized to use available CPU instructions in performance-critical operations.
To enable the following instructions: AVX2 AVX512F AVX512_VNNI FMA, in other operations, rebuild TensorFlow with the appropriate compiler flags.
2025-05-25 00:27:30.115516: W tensorflow/compiler/tf2tensorrt/utils/py_utils.cc:38] TF-TRT Warning: Could not find TensorRT
Minimizing lmds with tau= 0.5 k= 15 
