** ------------------------------------------------------- **
** Rdimtools || Dimension Reduction and Estimation Toolbox
**
** Version    : 1.1.2       (2025)
** Maintainer : Kisung You  (kisungyou@outlook.com)
** Website    : https://kisungyou.com/Rdimtools/
**
** Please see 'citation('Rdimtools)' to cite the package. 
** ------------------------------------------------------- **
Warning messages:
1: In rgl.init(initValue, onlyNULL) : RGL: unable to open X11 display
2: 'rgl.init' failed, running with 'rgl.useNULL = TRUE'. 
Package 'mclust' version 6.1.1
Type 'citation("mclust")' for citing this R package in publications.
2025-05-25 18:01:23.273248: I tensorflow/core/util/port.cc:153] oneDNN custom operations are on. You may see slightly different numerical results due to floating-point round-off errors from different computation orders. To turn them off, set the environment variable `TF_ENABLE_ONEDNN_OPTS=0`.
2025-05-25 18:01:23.289807: E external/local_xla/xla/stream_executor/cuda/cuda_fft.cc:485] Unable to register cuFFT factory: Attempting to register factory for plugin cuFFT when one has already been registered
2025-05-25 18:01:23.308581: E external/local_xla/xla/stream_executor/cuda/cuda_dnn.cc:8454] Unable to register cuDNN factory: Attempting to register factory for plugin cuDNN when one has already been registered
2025-05-25 18:01:23.314288: E external/local_xla/xla/stream_executor/cuda/cuda_blas.cc:1452] Unable to register cuBLAS factory: Attempting to register factory for plugin cuBLAS when one has already been registered
2025-05-25 18:01:23.328004: I tensorflow/core/platform/cpu_feature_guard.cc:210] This TensorFlow binary is optimized to use available CPU instructions in performance-critical operations.
To enable the following instructions: AVX2 AVX512F AVX512_VNNI FMA, in other operations, rebuild TensorFlow with the appropriate compiler flags.
2025-05-25 18:01:24.224404: W tensorflow/compiler/tf2tensorrt/utils/py_utils.cc:38] TF-TRT Warning: Could not find TensorRT
