Package 'mclust' version 6.1.1
Type 'citation("mclust")' for citing this R package in publications.
2025-05-25 18:03:20.906688: I tensorflow/core/util/port.cc:153] oneDNN custom operations are on. You may see slightly different numerical results due to floating-point round-off errors from different computation orders. To turn them off, set the environment variable `TF_ENABLE_ONEDNN_OPTS=0`.
2025-05-25 18:03:20.924414: E external/local_xla/xla/stream_executor/cuda/cuda_fft.cc:485] Unable to register cuFFT factory: Attempting to register factory for plugin cuFFT when one has already been registered
2025-05-25 18:03:20.944167: E external/local_xla/xla/stream_executor/cuda/cuda_dnn.cc:8454] Unable to register cuDNN factory: Attempting to register factory for plugin cuDNN when one has already been registered
2025-05-25 18:03:20.950113: E external/local_xla/xla/stream_executor/cuda/cuda_blas.cc:1452] Unable to register cuBLAS factory: Attempting to register factory for plugin cuBLAS when one has already been registered
2025-05-25 18:03:20.964572: I tensorflow/core/platform/cpu_feature_guard.cc:210] This TensorFlow binary is optimized to use available CPU instructions in performance-critical operations.
To enable the following instructions: AVX2 AVX512F AVX512_VNNI FMA, in other operations, rebuild TensorFlow with the appropriate compiler flags.
2025-05-25 18:03:21.899165: W tensorflow/compiler/tf2tensorrt/utils/py_utils.cc:38] TF-TRT Warning: Could not find TensorRT
Warning messages:
1: In grid.Call(C_textBounds, as.graphicsAnnot(x$label), x$x, x$y,  :
  conversion failure on 't‑SNE' in 'mbcsToSbcs': dot substituted for <e2>
2: In grid.Call(C_textBounds, as.graphicsAnnot(x$label), x$x, x$y,  :
  conversion failure on 't‑SNE' in 'mbcsToSbcs': dot substituted for <80>
3: In grid.Call(C_textBounds, as.graphicsAnnot(x$label), x$x, x$y,  :
  conversion failure on 't‑SNE' in 'mbcsToSbcs': dot substituted for <91>
4: In grid.Call.graphics(C_text, as.graphicsAnnot(x$label), x$x, x$y,  :
  conversion failure on 't‑SNE' in 'mbcsToSbcs': dot substituted for <e2>
5: In grid.Call.graphics(C_text, as.graphicsAnnot(x$label), x$x, x$y,  :
  conversion failure on 't‑SNE' in 'mbcsToSbcs': dot substituted for <80>
6: In grid.Call.graphics(C_text, as.graphicsAnnot(x$label), x$x, x$y,  :
  conversion failure on 't‑SNE' in 'mbcsToSbcs': dot substituted for <91>
7: In grid.Call.graphics(C_text, as.graphicsAnnot(x$label), x$x, x$y,  :
  conversion failure on 't‑SNE' in 'mbcsToSbcs': dot substituted for <e2>
8: In grid.Call.graphics(C_text, as.graphicsAnnot(x$label), x$x, x$y,  :
  conversion failure on 't‑SNE' in 'mbcsToSbcs': dot substituted for <80>
9: In grid.Call.graphics(C_text, as.graphicsAnnot(x$label), x$x, x$y,  :
  conversion failure on 't‑SNE' in 'mbcsToSbcs': dot substituted for <91>
